<?xml version="1.0" encoding="UTF-8"?>
<testsuite xmlns:xsi="http://www.w3.org/2001/XMLSchema-instance" xsi:noNamespaceSchemaLocation="https://maven.apache.org/surefire/maven-surefire-plugin/xsd/surefire-test-report.xsd" version="3.0.2" name="com.musicwall.importer.MusicBrainzImporterTest" time="0.103" tests="2" errors="0" skipped="0" failures="0">
  <properties>
[...]
</properties>
  <testcase name="keepsAlbumsAndEpsButExcludesCompilations" classname="com.musicwall.importer.MusicBrainzImporterTest" time="0.101"/>
  <testcase name="normalizesGenresWithoutPersistingProviderMetadata" classname="com.musicwall.importer.MusicBrainzImporterTest" time="0.0"/>
</testsuite>